Setting up watches.  Beware: since -r was given, this may take a while!
Watches established.
./ MODIFY nohup.out
[main 7d785ab] Auto-commit on changes detected
 1 file changed, 3 insertions(+)
 create mode 100644 nohup.out
To https://github.com/Pratham2779/cicd_demo.git
   394f10e..7d785ab  main -> main
Setting up watches.  Beware: since -r was given, this may take a while!
Watches established.
./ MODIFY nohup.out
[main 65e087f] Auto-commit on changes detected
 1 file changed, 8 insertions(+)
To https://github.com/Pratham2779/cicd_demo.git
   7d785ab..65e087f  main -> main
Setting up watches.  Beware: since -r was given, this may take a while!
Watches established.
./ MODIFY nohup.out
[main 6732896] Auto-commit on changes detected
 1 file changed, 7 insertions(+)
To https://github.com/Pratham2779/cicd_demo.git
   65e087f..6732896  main -> main
Setting up watches.  Beware: since -r was given, this may take a while!
Watches established.
./ MODIFY nohup.out
[main 1836e5a] Auto-commit on changes detected
 1 file changed, 7 insertions(+)
To https://github.com/Pratham2779/cicd_demo.git
   6732896..1836e5a  main -> main
Setting up watches.  Beware: since -r was given, this may take a while!
Watches established.
./ MODIFY nohup.out
